  DSA_T01_Group03.cpp
C:\Users\Brandon\Documents\Y2S2\DSA\asg\DSA_T01_Group03\DSA_T01_Group03.cpp(274,44): warning C4101: 'e': unreferenced local variable
C:\Users\Brandon\Documents\Y2S2\DSA\asg\DSA_T01_Group03\DSA_T01_Group03.cpp(369,40): warning C4101: 'e': unreferenced local variable
C:\Users\Brandon\Documents\Y2S2\DSA\asg\DSA_T01_Group03\DSA_T01_Group03.cpp(692,44): warning C4101: 'e': unreferenced local variable
  Dictionary.cpp
  Graph.cpp
C:\Program Files\Microsoft Visual Studio\2022\Community\VC\Tools\MSVC\14.42.34433\include\utility(292,61): warning C4244: 'initializing': conversion from '_Ty' to '_Ty2', possible loss of data
C:\Program Files\Microsoft Visual Studio\2022\Community\VC\Tools\MSVC\14.42.34433\include\utility(292,61): warning C4244:         with
C:\Program Files\Microsoft Visual Studio\2022\Community\VC\Tools\MSVC\14.42.34433\include\utility(292,61): warning C4244:         [
C:\Program Files\Microsoft Visual Studio\2022\Community\VC\Tools\MSVC\14.42.34433\include\utility(292,61): warning C4244:             _Ty=double
C:\Program Files\Microsoft Visual Studio\2022\Community\VC\Tools\MSVC\14.42.34433\include\utility(292,61): warning C4244:         ]
C:\Program Files\Microsoft Visual Studio\2022\Community\VC\Tools\MSVC\14.42.34433\include\utility(292,61): warning C4244:         and
C:\Program Files\Microsoft Visual Studio\2022\Community\VC\Tools\MSVC\14.42.34433\include\utility(292,61): warning C4244:         [
C:\Program Files\Microsoft Visual Studio\2022\Community\VC\Tools\MSVC\14.42.34433\include\utility(292,61): warning C4244:             _Ty2=int
C:\Program Files\Microsoft Visual Studio\2022\Community\VC\Tools\MSVC\14.42.34433\include\utility(292,61): warning C4244:         ]
  (compiling source file 'Graph.cpp')
      C:\Program Files\Microsoft Visual Studio\2022\Community\VC\Tools\MSVC\14.42.34433\include\utility(292,61):
      the template instantiation context (the oldest one first) is
          C:\Users\Brandon\Documents\Y2S2\DSA\asg\DSA_T01_Group03\Graph.cpp(320,45):
          see reference to function template instantiation 'std::pair<std::string,int>::pair<std::basic_string<char,std::char_traits<char>,std::allocator<char>>,double,0>(std::pair<std::basic_string<char,std::char_traits<char>,std::allocator<char>>,double> &&) noexcept' being compiled
              C:\Users\Brandon\Documents\Y2S2\DSA\asg\DSA_T01_Group03\Graph.cpp(320,35):
              see the first reference to 'std::pair<std::string,int>::pair' in 'Graph::displayActorsByRating'
  
  Generating Code...
  DSA_T01_Group03.vcxproj -> C:\Users\Brandon\Documents\Y2S2\DSA\asg\DSA_T01_Group03\x64\Debug\DSA_T01_Group03.exe
